0 info it worked if it ends with ok
1 verbose cli [ 'C:\\Program Files\\nodejs\\node.exe',
1 verbose cli   'C:\\Program Files\\nodejs\\node_modules\\npm\\bin\\npm-cli.js',
1 verbose cli   'run',
1 verbose cli   'generate' ]
2 info using npm@4.1.2
3 info using node@v7.7.4
4 verbose run-script [ 'pregenerate', 'generate', 'postgenerate' ]
5 info lifecycle testclass@1.0.0~pregenerate: testclass@1.0.0
6 silly lifecycle testclass@1.0.0~pregenerate: no script for pregenerate, continuing
7 info lifecycle testclass@1.0.0~generate: testclass@1.0.0
8 verbose lifecycle testclass@1.0.0~generate: unsafe-perm in lifecycle true
9 verbose lifecycle testclass@1.0.0~generate: PATH: C:\Program Files\nodejs\node_modules\npm\bin\node-gyp-bin;D:\Research\connectedacademy\testclass\node_modules\.bin;C:\Program Files\Docker\Docker\Resources\bin;C:\ProgramData\Oracle\Java\javapath;C:\Windows\system32;C:\Windows;C:\Windows\System32\Wbem;C:\Windows\System32\WindowsPowerShell\v1.0\;C:\Program Files (x86)\PuTTY\;C:\Program Files\Git\cmd;C:\Program Files (x86)\Skype\Phone\;C:\Program Files\Calibre2\;C:\Program Files\nodejs\;C:\Windows\system32\config\systemprofile\.dnx\bin;C:\Program Files\Microsoft DNX\Dnvm\;C:\Program Files (x86)\Windows Kits\8.1\Windows Performance Toolkit\;C:\Program Files (x86)\Microsoft Emulator Manager\1.0\;C:\Program Files\dotnet\;C:\Users\Tom Bartindale\AppData\Local\Microsoft\WindowsApps;C:\Program Files (x86)\Microsoft VS Code\bin;C:\Users\Tom Bartindale\AppData\Local\atom\bin;C:\Android\sdk\tools;C:\Android\sdk\platform-tools;C:\Users\Tom Bartindale\AppData\Roaming\npm;C:\Python27;C:\Python27\Scripts;C:\Users\Tom Bartindale\AppData\Roaming\Python\Scripts
10 verbose lifecycle testclass@1.0.0~generate: CWD: D:\Research\connectedacademy\testclass
11 silly lifecycle testclass@1.0.0~generate: Args: [ '/d /s /c', 'node --harmony-async-await deploy/index.js' ]
12 silly lifecycle testclass@1.0.0~generate: Returned: code: 1  signal: null
13 info lifecycle testclass@1.0.0~generate: Failed to exec generate script
14 verbose stack Error: testclass@1.0.0 generate: `node --harmony-async-await deploy/index.js`
14 verbose stack Exit status 1
14 verbose stack     at EventEmitter.<anonymous> (C:\Program Files\nodejs\node_modules\npm\lib\utils\lifecycle.js:279:16)
14 verbose stack     at emitTwo (events.js:106:13)
14 verbose stack     at EventEmitter.emit (events.js:194:7)
14 verbose stack     at ChildProcess.<anonymous> (C:\Program Files\nodejs\node_modules\npm\lib\utils\spawn.js:40:14)
14 verbose stack     at emitTwo (events.js:106:13)
14 verbose stack     at ChildProcess.emit (events.js:194:7)
14 verbose stack     at maybeClose (internal/child_process.js:899:16)
14 verbose stack     at Process.ChildProcess._handle.onexit (internal/child_process.js:226:5)
15 verbose pkgid testclass@1.0.0
16 verbose cwd D:\Research\connectedacademy\testclass
17 error Windows_NT 10.0.14393
18 error argv "C:\\Program Files\\nodejs\\node.exe" "C:\\Program Files\\nodejs\\node_modules\\npm\\bin\\npm-cli.js" "run" "generate"
19 error node v7.7.4
20 error npm  v4.1.2
21 error code ELIFECYCLE
22 error testclass@1.0.0 generate: `node --harmony-async-await deploy/index.js`
22 error Exit status 1
23 error Failed at the testclass@1.0.0 generate script 'node --harmony-async-await deploy/index.js'.
23 error Make sure you have the latest version of node.js and npm installed.
23 error If you do, this is most likely a problem with the testclass package,
23 error not with npm itself.
23 error Tell the author that this fails on your system:
23 error     node --harmony-async-await deploy/index.js
23 error You can get information on how to open an issue for this project with:
23 error     npm bugs testclass
23 error Or if that isn't available, you can get their info via:
23 error     npm owner ls testclass
23 error There is likely additional logging output above.
24 verbose exit [ 1, true ]
